<?xml version="1.0" encoding="utf-8"?>
<PARAMS>
    <PARAM ID="739258447" OBJECTID="101744548" CHANGEID="206521964" CHANGEIDEND="0" TYPEID="5" VALUE="368106"
           UPDATEDATE="2021-08-11" STARTDATE="2021-08-11" ENDDATE="2079-06-06"/>
    <PARAM ID="839189454" OBJECTID="104583641" CHANGEID="283395404" CHANGEIDEND="0" TYPEID="8" VALUE="05:05:000011:1756"
           UPDATEDATE="2022-05-28" STARTDATE="2022-05-28" ENDDATE="2079-06-06"/>
    <PARAM ID="839189455" OBJECTID="104583641" CHANGEID="283395404" CHANGEIDEND="0" TYPEID="7" VALUE="82654415101"
           UPDATEDATE="2022-05-28" STARTDATE="2022-05-28" ENDDATE="2079-06-06"/>
    <PARAM ID="839189456" OBJECTID="104583641" CHANGEID="283395404" CHANGEIDEND="0" TYPEID="6" VALUE="82254000005"
           UPDATEDATE="2022-05-28" STARTDATE="2022-05-28" ENDDATE="2079-06-06"/>
    <PARAM ID="839189457" OBJECTID="104583641" CHANGEID="283395404" CHANGEIDEND="0" TYPEID="4" VALUE="0534"
           UPDATEDATE="2022-05-28" STARTDATE="2022-05-28" ENDDATE="2079-06-06"/>
    <PARAM ID="839189458" OBJECTID="104583641" CHANGEID="283395404" CHANGEIDEND="0" TYPEID="3" VALUE="0534"
           UPDATEDATE="2022-05-28" STARTDATE="2022-05-28" ENDDATE="2079-06-06"/>
    <PARAM ID="839189459" OBJECTID="104583641" CHANGEID="283395404" CHANGEIDEND="0" TYPEID="2" VALUE="0544"
           UPDATEDATE="2022-05-28" STARTDATE="2022-05-28" ENDDATE="2079-06-06"/>
    <PARAM ID="839189460" OBJECTID="104583641" CHANGEID="283395404" CHANGEIDEND="0" TYPEID="1" VALUE="0544"
           UPDATEDATE="2022-05-28" STARTDATE="2022-05-28" ENDDATE="2079-06-06"/>
    <PARAM ID="839189461" OBJECTID="104583641" CHANGEID="283395404" CHANGEIDEND="0" TYPEID="15" VALUE="174"
           UPDATEDATE="2022-05-28" STARTDATE="2022-05-28" ENDDATE="2079-06-06"/>
    <PARAM ID="839189462" OBJECTID="104583641" CHANGEID="283395404" CHANGEIDEND="0" TYPEID="13"
           VALUE="826544150000000002020174000000000" UPDATEDATE="2022-05-28" STARTDATE="2022-05-28"
           ENDDATE="2079-06-06"/>
    <PARAM ID="839528750" OBJECTID="104631806" CHANGEID="283596743" CHANGEIDEND="0" TYPEID="7" VALUE="82720000001"
           UPDATEDATE="2022-06-02" STARTDATE="2022-06-02" ENDDATE="2079-06-06"/>
    <PARAM ID="839528751" OBJECTID="104631806" CHANGEID="283596743" CHANGEIDEND="0" TYPEID="6" VALUE="82420000000"
           UPDATEDATE="2022-06-02" STARTDATE="2022-06-02" ENDDATE="2079-06-06"/>
    <PARAM ID="839528752" OBJECTID="104631806" CHANGEID="283596743" CHANGEIDEND="0" TYPEID="2" VALUE="0554"
           UPDATEDATE="2022-06-02" STARTDATE="2022-06-02" ENDDATE="2079-06-06"/>
    <PARAM ID="839528753" OBJECTID="104631806" CHANGEID="283596743" CHANGEIDEND="0" TYPEID="1" VALUE="0554"
           UPDATEDATE="2022-06-02" STARTDATE="2022-06-02" ENDDATE="2079-06-06"/>
    <PARAM ID="839528754" OBJECTID="104631806" CHANGEID="283596743" CHANGEIDEND="0" TYPEID="8" VALUE="05:48:000092:6491"
           UPDATEDATE="2022-06-02" STARTDATE="2022-06-02" ENDDATE="2079-06-06"/>
    <PARAM ID="839528755" OBJECTID="104631806" CHANGEID="283596743" CHANGEIDEND="0" TYPEID="15" VALUE="12"
           UPDATEDATE="2022-06-02" STARTDATE="2022-06-02" ENDDATE="2079-06-06"/>
    <PARAM ID="839528756" OBJECTID="104631806" CHANGEID="283596743" CHANGEIDEND="0" TYPEID="13"
           VALUE="827200000000262047820012000000000" UPDATEDATE="2022-06-02" STARTDATE="2022-06-02"
           ENDDATE="2079-06-06"/>
    <PARAM ID="839541048" OBJECTID="104634100" CHANGEID="283599894" CHANGEIDEND="0" TYPEID="7" VALUE="82603472101"
           UPDATEDATE="2022-06-02" STARTDATE="2022-06-02" ENDDATE="2079-06-06"/>
    <PARAM ID="839541049" OBJECTID="104634100" CHANGEID="283599894" CHANGEIDEND="0" TYPEID="8" VALUE="05:20:000010:459"
           UPDATEDATE="2022-06-02" STARTDATE="2022-06-02" ENDDATE="2079-06-06"/>
    <PARAM ID="839541050" OBJECTID="104634100" CHANGEID="283599894" CHANGEIDEND="0" TYPEID="6" VALUE="82203872001"
           UPDATEDATE="2022-06-02" STARTDATE="2022-06-02" ENDDATE="2079-06-06"/>
    <PARAM ID="839541051" OBJECTID="104634100" CHANGEID="283599894" CHANGEIDEND="0" TYPEID="4" VALUE="0502"
           UPDATEDATE="2022-06-02" STARTDATE="2022-06-02" ENDDATE="2079-06-06"/>
</PARAMS>